Could not open /net/sgi/metagenomics/data/from_moni/old.tzuhao/transmission_simulator/results/genome_evol_sim/45/speciesMapping.txt
mv: cannot stat 'MSA_i*': No such file or directory
ls: cannot access '/net/sgi/metagenomics/data/from_moni/old.tzuhao/transmission_simulator/results/genome_evol_sim/45/DB': No such file or directory
04/07/2020, 11:34:19
57->55
04/07/2020, 11:34:42
57->52
04/07/2020, 11:35:04
57->46
04/07/2020, 11:35:27
57->48
04/07/2020, 11:35:46
57->45
04/07/2020, 11:35:47
57->43
04/07/2020, 11:36:10
55->47
04/07/2020, 11:36:30
55->38
04/07/2020, 11:36:51
55->3
04/07/2020, 11:36:51
55->36
04/07/2020, 11:37:11
52->34
04/07/2020, 11:37:32
52->1
04/07/2020, 11:37:32
52->20
04/07/2020, 11:37:52
46->25
04/07/2020, 11:38:12
46->4
04/07/2020, 11:38:12
46->26
04/07/2020, 11:38:31
46->22
04/07/2020, 11:38:51
48->32
04/07/2020, 11:39:12
48->2
04/07/2020, 11:39:12
45->6
04/07/2020, 11:39:12
43->5
04/07/2020, 11:39:12
43->27
04/07/2020, 11:39:32
43->23
04/07/2020, 11:39:55
47->31
04/07/2020, 11:40:17
47->10
04/07/2020, 11:40:17
38->21
04/07/2020, 11:40:44
38->12
04/07/2020, 11:40:44
36->11
04/07/2020, 11:40:44
36->pseudo
04/07/2020, 11:40:44
34->7
04/07/2020, 11:40:44
34->pseudo
04/07/2020, 11:40:44
20->8
04/07/2020, 11:40:44
25->13
04/07/2020, 11:40:44
25->pseudo
04/07/2020, 11:40:44
26->14
04/07/2020, 11:40:44
26->pseudo
04/07/2020, 11:40:44
22->15
04/07/2020, 11:40:44
22->pseudo
04/07/2020, 11:40:44
32->9
04/07/2020, 11:40:44
32->pseudo
04/07/2020, 11:40:44
27->17
04/07/2020, 11:40:44
27->pseudo
04/07/2020, 11:40:44
23->16
04/07/2020, 11:40:44
23->pseudo
04/07/2020, 11:40:44
31->18
04/07/2020, 11:40:44
31->pseudo
04/07/2020, 11:40:44
21->19
04/07/2020, 11:40:44
21->pseudo
